2022-09-01 16:43:45,295 INFO com.tweetapp.TweetAppApplication [main] Starting TweetAppApplication using Java 17.0.4 on DESKTOP-LHUFIFC with PID 9584 (C:\Users\kumar\OneDrive\Desktop\TweetApp-master\TweetApp-SpringBoot\target\classes started by kumar in C:\Users\kumar\OneDrive\Desktop\TweetApp-master\TweetApp-SpringBoot)
2022-09-01 16:43:45,301 INFO com.tweetapp.TweetAppApplication [main] The following profiles are active: nonprod
2022-09-01 16:43:48,833 INFO com.tweetapp.TweetAppApplication [main] Started TweetAppApplication in 4.013 seconds (JVM running for 5.019)
2022-09-01 16:44:25,542 INFO com.tweetapp.TweetAppApplication [main] Starting TweetAppApplication using Java 17.0.4 on DESKTOP-LHUFIFC with PID 120 (C:\Users\kumar\OneDrive\Desktop\TweetApp-master\TweetApp-SpringBoot\target\classes started by kumar in C:\Users\kumar\OneDrive\Desktop\TweetApp-master\TweetApp-SpringBoot)
2022-09-01 16:44:25,560 INFO com.tweetapp.TweetAppApplication [main] The following profiles are active: nonprod
2022-09-01 16:44:30,262 ERROR org.springframework.boot.diagnostics.LoggingFailureAnalysisReporter [main] 

***************************
APPLICATION FAILED TO START
***************************

Description:

Web server failed to start. Port 8090 was already in use.

Action:

Identify and stop the process that's listening on port 8090 or configure this application to listen on another port.

2022-09-01 16:52:55,415 INFO com.tweetapp.TweetAppApplication [main] Starting TweetAppApplication using Java 17.0.4 on DESKTOP-LHUFIFC with PID 4384 (C:\Users\kumar\OneDrive\Desktop\TweetApp-master\TweetApp-SpringBoot\target\classes started by kumar in C:\Users\kumar\OneDrive\Desktop\TweetApp-master\TweetApp-SpringBoot)
2022-09-01 16:52:55,416 INFO com.tweetapp.TweetAppApplication [main] The following profiles are active: nonprod
2022-09-01 16:52:58,819 ERROR org.springframework.boot.diagnostics.LoggingFailureAnalysisReporter [main] 

***************************
APPLICATION FAILED TO START
***************************

Description:

Web server failed to start. Port 8090 was already in use.

Action:

Identify and stop the process that's listening on port 8090 or configure this application to listen on another port.

2022-09-01 17:03:28,450 INFO com.tweetapp.TweetAppApplication [main] Starting TweetAppApplication using Java 17.0.4 on DESKTOP-LHUFIFC with PID 10344 (C:\Users\kumar\OneDrive\Desktop\TweetApp-master\TweetApp-SpringBoot\target\classes started by kumar in C:\Users\kumar\OneDrive\Desktop\TweetApp-master\TweetApp-SpringBoot)
2022-09-01 17:03:28,452 INFO com.tweetapp.TweetAppApplication [main] The following profiles are active: nonprod
2022-09-01 17:03:32,002 INFO com.tweetapp.TweetAppApplication [main] Started TweetAppApplication in 4.018 seconds (JVM running for 4.95)
